{"name": "test_promocode", "status": "failed", "statusDetails": {"message": "AssertionError", "trace": "authorization_page = <pages.authorization_page.AuthorizationPage object at 0x000001C4854523B0>\n\n    def test_promocode(authorization_page):\n        authorization_page.click_to_login_button()\n        authorization_page.click_to_login_w_password_button()\n        authorization_page.set_phone_password_authorization()\n        authorization_page.set_password_pass()\n        authorization_page.click_to_authorize_button()\n        authorization_page.click_terminated_sessions_title()\n        authorization_page.click_order_session_again_button()\n        authorization_page.select_time_session_schedule_psychologist()\n        authorization_page.click_rapid_go_payment_btn()\n        authorization_page.click_to_ihave_promocode_order_page()\n>       authorization_page.verify_price_100_rubbles_button_order_page_before_promo()\n\ntests\\test_authorization.py:447: \n_ _ _ _ _ _ _ _ _ _ _ _ _ _ _ _ _ _ _ _ _ _ _ _ _ _ _ _ _ _ _ _ _ _ _ _ _ _ _ _ _ _ _ _ _ _ _ _ _ _ _ _ _ _ _ _ _ _ _ _ _ _ _ _ _ _ _ _ _ _ _ _ _ _ _ \n\nself = <pages.authorization_page.AuthorizationPage object at 0x000001C4854523B0>\n\n    @allure.step('verify price on the button is 100 rubbles')\n    def verify_price_100_rubbles_button_order_page_before_promo(self):\n        actual_result = self.get_text_title_of_element(AuthorizationLocators.PAYMENT_BUTTON_ORDER_PAGE)\n>       assert actual_result == '100,00'\nE       AssertionError\n\npages\\authorization_page.py:627: AssertionError"}, "steps": [{"name": "clicking to \"Login\" button", "status": "passed", "start": 1691386630211, "stop": 1691386633303}, {"name": "clicking to \"Login with password\" button", "status": "passed", "start": 1691386633303, "stop": 1691386633508}, {"name": "set up password", "status": "passed", "start": 1691386633936, "stop": 1691386634150}, {"name": "clicking to \"Authorize\" button", "status": "passed", "start": 1691386634151, "stop": 1691386634309}, {"name": "click terminated sessions title in client account", "status": "passed", "start": 1691386634309, "stop": 1691386637514}, {"name": "click order session again in client account", "status": "passed", "start": 1691386637515, "stop": 1691386638812}, {"name": "select the nearest time for second session", "status": "passed", "start": 1691386638813, "stop": 1691386639500}, {"name": "click to \"go to payment\" button", "status": "passed", "start": 1691386639501, "stop": 1691386641230}, {"name": "click to \"I have promocode\" on order page", "status": "passed", "start": 1691386641230, "stop": 1691386641787}, {"name": "verify price on the button is 100 rubbles", "status": "failed", "statusDetails": {"message": "AssertionError\n", "trace": "  File \"C:\\Users\\Owner\\PycharmProjects\\LifeHelp\\venv\\lib\\site-packages\\allure_commons\\_allure.py\", line 192, in impl\n    return func(*a, **kw)\n  File \"C:\\Users\\Owner\\PycharmProjects\\LifeHelp\\pages\\authorization_page.py\", line 627, in verify_price_100_rubbles_button_order_page_before_promo\n    assert actual_result == '100,00'\n"}, "start": 1691386641788, "stop": 1691386641884}], "start": 1691386630210, "stop": 1691386641885, "uuid": "29f756a8-db73-42ae-84b1-3c77bc7691f1", "historyId": "155c73cea5e7c548458a75ec225cc632", "testCaseId": "245c1bb2d0dd2fc3bfd3174ccb925c6a", "fullName": "tests.test_authorization#test_promocode", "labels": [{"name": "parentSuite", "value": "tests"}, {"name": "suite", "value": "test_authorization"}, {"name": "host", "value": "DESKTOP-MNCDD93"}, {"name": "thread", "value": "12096-MainThread"}, {"name": "framework", "value": "pytest"}, {"name": "language", "value": "cpython3"}, {"name": "package", "value": "tests.test_authorization"}]}