{"name": "test_pay_buy_session_by_package_54", "status": "failed", "statusDetails": {"message": "AssertionError", "trace": "authorization_page = <pages.authorization_page.AuthorizationPage object at 0x0000013A9DB180A0>\n\n    def test_pay_buy_session_by_package_54(authorization_page):\n        authorization_page.click_to_login_button()\n        authorization_page.click_to_login_w_password_button()\n        authorization_page.set_email_email()\n        authorization_page.set_password_pass()\n        authorization_page.click_to_authorize_button()\n        authorization_page.click_terminated_sessions_title()\n        authorization_page.click_order_session_again_button()\n        authorization_page.select_time_session_schedule_psychologist()\n        authorization_page.click_rapid_go_payment_btn()\n>       authorization_page.verify_presence_package_54_payment_page()\n\ntests\\test_authorization.py:562: \n_ _ _ _ _ _ _ _ _ _ _ _ _ _ _ _ _ _ _ _ _ _ _ _ _ _ _ _ _ _ _ _ _ _ _ _ _ _ _ _ _ _ _ _ _ _ _ _ _ _ _ _ _ _ _ _ _ _ _ _ _ _ _ _ _ _ _ _ _ _ _ _ _ _ _ \n\nself = <pages.authorization_page.AuthorizationPage object at 0x0000013A9DB180A0>\n\n    @allure.step('verify presence of the package 54 on the payment page ')\n    def verify_presence_package_54_payment_page(self):\n        actual_result = self.get_text_title_of_element(AuthorizationLocators.PACKAGE_54_NAME_PAYMENT_PAGE)\n>       assert actual_result == 'Пакет из 54 сеансов'\nE       AssertionError\n\npages\\authorization_page.py:803: AssertionError"}, "steps": [{"name": "clicking to \"Login\" button", "status": "passed", "start": 1690779879488, "stop": 1690779885627}, {"name": "clicking to \"Login with password\" button", "status": "passed", "start": 1690779885627, "stop": 1690779885846}, {"name": "set up password", "status": "passed", "start": 1690779886328, "stop": 1690779886593}, {"name": "clicking to \"Authorize\" button", "status": "passed", "start": 1690779886594, "stop": 1690779886757}, {"name": "click terminated sessions title in client account", "status": "passed", "start": 1690779886758, "stop": 1690779890690}, {"name": "click order session again in client account", "status": "passed", "start": 1690779890690, "stop": 1690779892375}, {"name": "select the nearest time for second session", "status": "passed", "start": 1690779892375, "stop": 1690779893509}, {"name": "click to \"go to payment\" button", "status": "passed", "start": 1690779893509, "stop": 1690779895389}, {"name": "verify presence of the package 54 on the payment page ", "status": "failed", "statusDetails": {"message": "AssertionError\n", "trace": "  File \"C:\\Users\\Owner\\PycharmProjects\\LifeHelp\\venv\\lib\\site-packages\\allure_commons\\_allure.py\", line 192, in impl\n    return func(*a, **kw)\n  File \"C:\\Users\\Owner\\PycharmProjects\\LifeHelp\\pages\\authorization_page.py\", line 803, in verify_presence_package_54_payment_page\n    assert actual_result == 'Пакет из 54 сеансов'\n"}, "start": 1690779895389, "stop": 1690779895462}], "start": 1690779879487, "stop": 1690779895464, "uuid": "026b4a7d-7690-40b5-9091-78507c23284d", "historyId": "8adc2850f0a81fd24722420875bb769a", "testCaseId": "0e3f6aeb6ecdf30335f3f8e3fc6df802", "fullName": "tests.test_authorization#test_pay_buy_session_by_package_54", "labels": [{"name": "parentSuite", "value": "tests"}, {"name": "suite", "value": "test_authorization"}, {"name": "host", "value": "DESKTOP-MNCDD93"}, {"name": "thread", "value": "21336-MainThread"}, {"name": "framework", "value": "pytest"}, {"name": "language", "value": "cpython3"}, {"name": "package", "value": "tests.test_authorization"}]}