{"name": "test_set_client_age", "status": "failed", "statusDetails": {"message": "AssertionError", "trace": "authorization_page = <pages.authorization_page.AuthorizationPage object at 0x0000016529CF0EB0>\nuser_account_page = <pages.user_account_page.UserAccountPage object at 0x0000016529CF0A30>\n\n    def test_set_client_age(authorization_page, user_account_page):\n        authorization_page.click_to_login_button()\n        authorization_page.click_to_login_w_password_button()\n        authorization_page.set_email_email()\n        authorization_page.set_password_pass()\n        authorization_page.click_to_authorize_button()\n        user_account_page.click_to_personal_information_menu()\n        user_account_page.set_client_age()\n        user_account_page.click_to_button_save_changes()\n        user_account_page.refresh_page()\n>       user_account_page.verify_client_age()\n\ntests\\test_user_account_page.py:46: \n_ _ _ _ _ _ _ _ _ _ _ _ _ _ _ _ _ _ _ _ _ _ _ _ _ _ _ _ _ _ _ _ _ _ _ _ _ _ _ _ _ _ _ _ _ _ _ _ _ _ _ _ _ _ _ _ _ _ _ _ _ _ _ _ _ _ _ _ _ _ _ _ _ _ _ \n\nself = <pages.user_account_page.UserAccountPage object at 0x0000016529CF0A30>\n\n    @allure.step('verify client age \"99\"')\n    def verify_client_age(self):\n        actual_result = self.is_visible(UserAccountLocators.AGE_FIELD_PERSONAL_DATA).get_attribute('value')\n>       assert actual_result == '99'\nE       AssertionError\n\npages\\user_account_page.py:57: AssertionError"}, "steps": [{"name": "clicking to \"Login\" button", "status": "passed", "start": 1697695537944, "stop": 1697695541973}, {"name": "clicking to \"Login with password\" button", "status": "passed", "start": 1697695541973, "stop": 1697695542490}, {"name": "set up password", "status": "passed", "start": 1697695543007, "stop": 1697695543225}, {"name": "clicking to \"Authorize\" button", "status": "passed", "start": 1697695543225, "stop": 1697695543437}, {"name": "click to title \"personal information\" in clients menu", "status": "passed", "start": 1697695543437, "stop": 1697695550289}, {"name": "set client age \"99\"", "status": "passed", "start": 1697695550290, "stop": 1697695552438}, {"name": "click to button \"save changes\"", "status": "passed", "start": 1697695552439, "stop": 1697695552785}, {"name": "refresh the current page", "status": "passed", "start": 1697695552786, "stop": 1697695554290}, {"name": "verify client age \"99\"", "status": "failed", "statusDetails": {"message": "AssertionError\n", "trace": "  File \"C:\\Users\\Owner\\PycharmProjects\\LifeHelp\\venv\\lib\\site-packages\\allure_commons\\_allure.py\", line 192, in impl\n    return func(*a, **kw)\n  File \"C:\\Users\\Owner\\PycharmProjects\\LifeHelp\\pages\\user_account_page.py\", line 57, in verify_client_age\n    assert actual_result == '99'\n"}, "start": 1697695554291, "stop": 1697695554516}], "attachments": [{"name": "log", "source": "5c1b46f3-df9b-4da7-853c-064a1884313b-attachment.txt", "type": "text/plain"}], "start": 1697695537944, "stop": 1697695554518, "uuid": "0bf5c4fe-a7af-42d6-bc4c-f189c7f0a8cc", "historyId": "895e79a52a96bada13274f6935760f00", "testCaseId": "e15a81b98e9f46bab6d41c9dffbdaac8", "fullName": "tests.test_user_account_page#test_set_client_age", "labels": [{"name": "parentSuite", "value": "tests"}, {"name": "suite", "value": "test_user_account_page"}, {"name": "host", "value": "DESKTOP-MNCDD93"}, {"name": "thread", "value": "18292-MainThread"}, {"name": "framework", "value": "pytest"}, {"name": "language", "value": "cpython3"}, {"name": "package", "value": "tests.test_user_account_page"}]}