{"name": "test_set_client_age", "status": "failed", "statusDetails": {"message": "AssertionError", "trace": "authorization_page = <pages.authorization_page.AuthorizationPage object at 0x0000027F8AF2ABC0>\nuser_account_page = <pages.user_account_page.UserAccountPage object at 0x0000027F8AF2A8F0>\n\n    def test_set_client_age(authorization_page, user_account_page):\n        authorization_page.click_to_login_button()\n        authorization_page.click_to_login_w_password_button()\n        authorization_page.set_email_email()\n        authorization_page.set_password_pass()\n        authorization_page.click_to_authorize_button()\n        user_account_page.click_to_personal_information_menu()\n        user_account_page.set_client_age()\n        user_account_page.click_to_button_save_changes()\n        user_account_page.refresh_page()\n>       user_account_page.verify_client_age()\n\ntests\\test_user_account_page.py:46: \n_ _ _ _ _ _ _ _ _ _ _ _ _ _ _ _ _ _ _ _ _ _ _ _ _ _ _ _ _ _ _ _ _ _ _ _ _ _ _ _ _ _ _ _ _ _ _ _ _ _ _ _ _ _ _ _ _ _ _ _ _ _ _ _ _ _ _ _ _ _ _ _ _ _ _ \n\nself = <pages.user_account_page.UserAccountPage object at 0x0000027F8AF2A8F0>\n\n    @allure.step('verify client age \"99\"')\n    def verify_client_age(self):\n        actual_result = self.is_visible(UserAccountLocators.AGE_FIELD_PERSONAL_DATA).get_attribute('value')\n>       assert actual_result == '99'\nE       AssertionError\n\npages\\user_account_page.py:57: AssertionError"}, "steps": [{"name": "clicking to \"Login\" button", "status": "passed", "start": 1697607991681, "stop": 1697607995247}, {"name": "clicking to \"Login with password\" button", "status": "passed", "start": 1697607995247, "stop": 1697607995617}, {"name": "set up password", "status": "passed", "start": 1697607996097, "stop": 1697607996351}, {"name": "clicking to \"Authorize\" button", "status": "passed", "start": 1697607996352, "stop": 1697607996524}, {"name": "click to title \"personal information\" in clients menu", "status": "passed", "start": 1697607996524, "stop": 1697608001814}, {"name": "set client age \"99\"", "status": "passed", "start": 1697608001815, "stop": 1697608002310}, {"name": "click to button \"save changes\"", "status": "passed", "start": 1697608002311, "stop": 1697608002651}, {"name": "refresh the current page", "status": "passed", "start": 1697608002652, "stop": 1697608004309}, {"name": "verify client age \"99\"", "status": "failed", "statusDetails": {"message": "AssertionError\n", "trace": "  File \"C:\\Users\\Owner\\PycharmProjects\\LifeHelp\\venv\\lib\\site-packages\\allure_commons\\_allure.py\", line 192, in impl\n    return func(*a, **kw)\n  File \"C:\\Users\\Owner\\PycharmProjects\\LifeHelp\\pages\\user_account_page.py\", line 57, in verify_client_age\n    assert actual_result == '99'\n"}, "start": 1697608004309, "stop": 1697608004494}], "attachments": [{"name": "log", "source": "1b330e8a-642a-4fd5-b3ba-b8e309c7e4ee-attachment.txt", "type": "text/plain"}], "start": 1697607991681, "stop": 1697608004512, "uuid": "1089764d-a697-4d97-982e-0fe8b41ec1cc", "historyId": "895e79a52a96bada13274f6935760f00", "testCaseId": "e15a81b98e9f46bab6d41c9dffbdaac8", "fullName": "tests.test_user_account_page#test_set_client_age", "labels": [{"name": "parentSuite", "value": "tests"}, {"name": "suite", "value": "test_user_account_page"}, {"name": "host", "value": "DESKTOP-MNCDD93"}, {"name": "thread", "value": "2676-MainThread"}, {"name": "framework", "value": "pytest"}, {"name": "language", "value": "cpython3"}, {"name": "package", "value": "tests.test_user_account_page"}]}